  C:\Workspace\GameProjects\BubbleBobble\BubbleBobble\Engine\Core.h
  C:\Workspace\GameProjects\BubbleBobble\BubbleBobble\Engine\RTTI.h
  C:\Workspace\GameProjects\BubbleBobble\BubbleBobble\Engine\Actor\Actor.h
  C:\Workspace\GameProjects\BubbleBobble\BubbleBobble\Engine\Actor\DrawableActor.h
  C:\Workspace\GameProjects\BubbleBobble\BubbleBobble\Engine\Container\List.h
  C:\Workspace\GameProjects\BubbleBobble\BubbleBobble\Engine\Engine\Engine.h
  C:\Workspace\GameProjects\BubbleBobble\BubbleBobble\Engine\Engine\Timer.h
  C:\Workspace\GameProjects\BubbleBobble\BubbleBobble\Engine\Level\Level.h
  C:\Workspace\GameProjects\BubbleBobble\BubbleBobble\Engine\Math\Vector2.h
  C:\Workspace\GameProjects\BubbleBobble\BubbleBobble\Engine\PreCompiledHeader\PreCompiledHeader.h
  C:\Workspace\GameProjects\BubbleBobble\BubbleBobble\Engine\Render\ScreenBuffer.h
  11개 파일이 복사되었습니다.
  PreCompiledHeader.cpp
  Actor.cpp
  DrawableActor.cpp
  Engine.cpp
  Timer.cpp
  Level.cpp
  Vector2.cpp
  Main.cpp
  ScreenBuffer.cpp
  코드를 생성하고 있습니다...
     C:\Workspace\GameProjects\BubbleBobble\BubbleBobble\Bin\x64\Debug\Engine\Engine.lib 라이브러리 및 C:\Workspace\GameProjects\BubbleBobble\BubbleBobble\Bin\x64\Debug\Engine\Engine.exp 개체를 생성하고 있습니다.
  Engine.vcxproj -> C:\Workspace\GameProjects\BubbleBobble\BubbleBobble\Bin\x64\Debug\Engine\Engine.dll
  C:\Workspace\GameProjects\BubbleBobble\BubbleBobble\Bin\x64\Debug\Engine\Engine.dll
  1개 파일이 복사되었습니다.
  C:\Workspace\GameProjects\BubbleBobble\BubbleBobble\Bin\x64\Debug\Engine\Engine.lib
  1개 파일이 복사되었습니다.
